1614844620511	geckodriver	INFO	Listening on 127.0.0.1:41145
1614844621519	mozrunner::runner	INFO	Running command: "/usr/bin/firefox" "--marionette" "-foreground" "-no-remote" "-profile" "/tmp/rust_mozprofilebIg87T"
console.warn: SearchSettings: "get: No settings file exists, new profile?" (new Error("", "(unknown module)"))
1614844623505	Marionette	INFO	Listening on port 42483
1614844623561	Marionette	WARN	TLS certificate errors will be ignored for this session
1614844636754	Marionette	INFO	Stopped listening on port 42483

###!!! [Parent][RunMessage] Error: Channel closing: too late to send/recv, messages will be lost

1614845492467	geckodriver	INFO	Listening on 127.0.0.1:53449
1614845492471	mozrunner::runner	INFO	Running command: "/usr/bin/firefox" "--marionette" "-foreground" "-no-remote" "-profile" "/tmp/rust_mozprofileyAMfX5"
console.warn: SearchSettings: "get: No settings file exists, new profile?" (new Error("", "(unknown module)"))
1614845494082	Marionette	INFO	Listening on port 46777
1614845494198	Marionette	WARN	TLS certificate errors will be ignored for this session
1614845501730	Marionette	WARN	TimedPromise timed out after 500 ms: stacktrace:
TimedPromise/<@chrome://marionette/content/sync.js:231:19
TimedPromise@chrome://marionette/content/sync.js:216:10
interaction.flushEventLoop@chrome://marionette/content/interaction.js:433:10
webdriverClickElement@chrome://marionette/content/interaction.js:179:31
send@https://opensource-demo.orangehrmlive.com/webres_5fee89a90600f2.94309009/js/jquery/jquery-3.4.1.min.js:2:81476
ajax@https://opensource-demo.orangehrmlive.com/webres_5fee89a90600f2.94309009/js/jquery/jquery-3.4.1.min.js:2:77295
k._evalUrl@https://opensource-demo.orangehrmlive.com/webres_5fee89a90600f2.94309009/js/jquery/jquery-3.4.1.min.js:2:79350
Ie@https://opensource-demo.orangehrmlive.com/webres_5fee89a90600f2.94309009/js/jquery/jquery-3.4.1.min.js:2:48088
append@https://opensource-demo.orangehrmlive.com/webres_5fee89a90600f2.94309009/js/jquery/jquery-3.4.1.min.js:2:49520
html/<@https://opensource-demo.orangehrmlive.com/webres_5fee89a90600f2.94309009/js/jquery/jquery-3.4.1.min.js:2:50612
_@https://opensource-demo.orangehrmlive.com/webres_5fee89a90600f2.94309009/js/jquery/jquery-3.4.1.min.js:2:31840
html@https://opensource-demo.orangehrmlive.com/webres_5fee89a90600f2.94309009/js/jquery/jquery-3.4.1.min.js:2:50290
success@https://opensource-demo.orangehrmlive.com/index.php/dashboard:1253:36
c@https://opensource-demo.orangehrmlive.com/webres_5fee89a90600f2.94309009/js/jquery/jquery-3.4.1.min.js:2:27742
fireWith@https://opensource-demo.orangehrmlive.com/webres_5fee89a90600f2.94309009/js/jquery/jquery-3.4.1.min.js:2:28487
l@https://opensource-demo.orangehrmlive.com/webres_5fee89a90600f2.94309009/js/jquery/jquery-3.4.1.min.js:2:78789
o/<@https://opensource-demo.orangehrmlive.com/webres_5fee89a90600f2.94309009/js/jquery/jquery-3.4.1.min.js:2:81117
1614845512059	Marionette	INFO	Stopped listening on port 46777

###!!! [Parent][RunMessage] Error: Channel closing: too late to send/recv, messages will be lost

1614845537133	geckodriver	INFO	Listening on 127.0.0.1:35055
1614845537137	mozrunner::runner	INFO	Running command: "/usr/bin/firefox" "--marionette" "-foreground" "-no-remote" "-profile" "/tmp/rust_mozprofileLZbs9P"
console.warn: SearchSettings: "get: No settings file exists, new profile?" (new Error("", "(unknown module)"))
1614845538689	Marionette	INFO	Listening on port 41201
1614845538759	Marionette	WARN	TLS certificate errors will be ignored for this session
1614845551941	Marionette	WARN	TimedPromise timed out after 500 ms: stacktrace:
TimedPromise/<@chrome://marionette/content/sync.js:231:19
TimedPromise@chrome://marionette/content/sync.js:216:10
interaction.flushEventLoop@chrome://marionette/content/interaction.js:433:10
webdriverClickElement@chrome://marionette/content/interaction.js:179:31
send@https://opensource-demo.orangehrmlive.com/webres_5fee89a90600f2.94309009/js/jquery/jquery-3.4.1.min.js:2:81476
ajax@https://opensource-demo.orangehrmlive.com/webres_5fee89a90600f2.94309009/js/jquery/jquery-3.4.1.min.js:2:77295
k._evalUrl@https://opensource-demo.orangehrmlive.com/webres_5fee89a90600f2.94309009/js/jquery/jquery-3.4.1.min.js:2:79350
Ie@https://opensource-demo.orangehrmlive.com/webres_5fee89a90600f2.94309009/js/jquery/jquery-3.4.1.min.js:2:48088
append@https://opensource-demo.orangehrmlive.com/webres_5fee89a90600f2.94309009/js/jquery/jquery-3.4.1.min.js:2:49520
html/<@https://opensource-demo.orangehrmlive.com/webres_5fee89a90600f2.94309009/js/jquery/jquery-3.4.1.min.js:2:50612
_@https://opensource-demo.orangehrmlive.com/webres_5fee89a90600f2.94309009/js/jquery/jquery-3.4.1.min.js:2:31840
html@https://opensource-demo.orangehrmlive.com/webres_5fee89a90600f2.94309009/js/jquery/jquery-3.4.1.min.js:2:50290
success@https://opensource-demo.orangehrmlive.com/index.php/dashboard:1253:36
c@https://opensource-demo.orangehrmlive.com/webres_5fee89a90600f2.94309009/js/jquery/jquery-3.4.1.min.js:2:27742
fireWith@https://opensource-demo.orangehrmlive.com/webres_5fee89a90600f2.94309009/js/jquery/jquery-3.4.1.min.js:2:28487
l@https://opensource-demo.orangehrmlive.com/webres_5fee89a90600f2.94309009/js/jquery/jquery-3.4.1.min.js:2:78789
o/<@https://opensource-demo.orangehrmlive.com/webres_5fee89a90600f2.94309009/js/jquery/jquery-3.4.1.min.js:2:81117
1614845567207	Marionette	INFO	Stopped listening on port 41201

###!!! [Parent][RunMessage] Error: Channel closing: too late to send/recv, messages will be lost

1614846386556	geckodriver	INFO	Listening on 127.0.0.1:48801
1614846386560	mozrunner::runner	INFO	Running command: "/usr/bin/firefox" "--marionette" "-foreground" "-no-remote" "-profile" "/tmp/rust_mozprofileGdbteX"
console.warn: SearchSettings: "get: No settings file exists, new profile?" (new Error("", "(unknown module)"))
1614846388155	Marionette	INFO	Listening on port 39177
1614846388182	Marionette	WARN	TLS certificate errors will be ignored for this session
1614846395313	Marionette	WARN	TimedPromise timed out after 500 ms: stacktrace:
TimedPromise/<@chrome://marionette/content/sync.js:231:19
TimedPromise@chrome://marionette/content/sync.js:216:10
interaction.flushEventLoop@chrome://marionette/content/interaction.js:433:10
webdriverClickElement@chrome://marionette/content/interaction.js:179:31
send@https://opensource-demo.orangehrmlive.com/webres_5fee89a90600f2.94309009/js/jquery/jquery-3.4.1.min.js:2:81476
ajax@https://opensource-demo.orangehrmlive.com/webres_5fee89a90600f2.94309009/js/jquery/jquery-3.4.1.min.js:2:77295
k._evalUrl@https://opensource-demo.orangehrmlive.com/webres_5fee89a90600f2.94309009/js/jquery/jquery-3.4.1.min.js:2:79350
Ie@https://opensource-demo.orangehrmlive.com/webres_5fee89a90600f2.94309009/js/jquery/jquery-3.4.1.min.js:2:48088
append@https://opensource-demo.orangehrmlive.com/webres_5fee89a90600f2.94309009/js/jquery/jquery-3.4.1.min.js:2:49520
html/<@https://opensource-demo.orangehrmlive.com/webres_5fee89a90600f2.94309009/js/jquery/jquery-3.4.1.min.js:2:50612
_@https://opensource-demo.orangehrmlive.com/webres_5fee89a90600f2.94309009/js/jquery/jquery-3.4.1.min.js:2:31840
html@https://opensource-demo.orangehrmlive.com/webres_5fee89a90600f2.94309009/js/jquery/jquery-3.4.1.min.js:2:50290
success@https://opensource-demo.orangehrmlive.com/index.php/dashboard:1253:36
c@https://opensource-demo.orangehrmlive.com/webres_5fee89a90600f2.94309009/js/jquery/jquery-3.4.1.min.js:2:27742
fireWith@https://opensource-demo.orangehrmlive.com/webres_5fee89a90600f2.94309009/js/jquery/jquery-3.4.1.min.js:2:28487
l@https://opensource-demo.orangehrmlive.com/webres_5fee89a90600f2.94309009/js/jquery/jquery-3.4.1.min.js:2:78789
o/<@https://opensource-demo.orangehrmlive.com/webres_5fee89a90600f2.94309009/js/jquery/jquery-3.4.1.min.js:2:81117
1614846410575	Marionette	INFO	Stopped listening on port 39177

###!!! [Parent][RunMessage] Error: Channel closing: too late to send/recv, messages will be lost

1614850710673	geckodriver	INFO	Listening on 127.0.0.1:56915
1614850710677	mozrunner::runner	INFO	Running command: "/usr/bin/firefox" "--marionette" "-foreground" "-no-remote" "-profile" "/tmp/rust_mozprofile412MC2"
console.warn: SearchSettings: "get: No settings file exists, new profile?" (new Error("", "(unknown module)"))
1614850712247	Marionette	INFO	Listening on port 35051
1614850712297	Marionette	WARN	TLS certificate errors will be ignored for this session
1614850719484	Marionette	WARN	TimedPromise timed out after 500 ms: stacktrace:
TimedPromise/<@chrome://marionette/content/sync.js:231:19
TimedPromise@chrome://marionette/content/sync.js:216:10
interaction.flushEventLoop@chrome://marionette/content/interaction.js:433:10
webdriverClickElement@chrome://marionette/content/interaction.js:179:31
send@https://opensource-demo.orangehrmlive.com/webres_5fee89a90600f2.94309009/js/jquery/jquery-3.4.1.min.js:2:81476
ajax@https://opensource-demo.orangehrmlive.com/webres_5fee89a90600f2.94309009/js/jquery/jquery-3.4.1.min.js:2:77295
k._evalUrl@https://opensource-demo.orangehrmlive.com/webres_5fee89a90600f2.94309009/js/jquery/jquery-3.4.1.min.js:2:79350
Ie@https://opensource-demo.orangehrmlive.com/webres_5fee89a90600f2.94309009/js/jquery/jquery-3.4.1.min.js:2:48088
append@https://opensource-demo.orangehrmlive.com/webres_5fee89a90600f2.94309009/js/jquery/jquery-3.4.1.min.js:2:49520
html/<@https://opensource-demo.orangehrmlive.com/webres_5fee89a90600f2.94309009/js/jquery/jquery-3.4.1.min.js:2:50612
_@https://opensource-demo.orangehrmlive.com/webres_5fee89a90600f2.94309009/js/jquery/jquery-3.4.1.min.js:2:31840
html@https://opensource-demo.orangehrmlive.com/webres_5fee89a90600f2.94309009/js/jquery/jquery-3.4.1.min.js:2:50290
success@https://opensource-demo.orangehrmlive.com/index.php/dashboard:1253:36
c@https://opensource-demo.orangehrmlive.com/webres_5fee89a90600f2.94309009/js/jquery/jquery-3.4.1.min.js:2:27742
fireWith@https://opensource-demo.orangehrmlive.com/webres_5fee89a90600f2.94309009/js/jquery/jquery-3.4.1.min.js:2:28487
l@https://opensource-demo.orangehrmlive.com/webres_5fee89a90600f2.94309009/js/jquery/jquery-3.4.1.min.js:2:78789
o/<@https://opensource-demo.orangehrmlive.com/webres_5fee89a90600f2.94309009/js/jquery/jquery-3.4.1.min.js:2:81117
1614850734749	Marionette	INFO	Stopped listening on port 35051

###!!! [Parent][RunMessage] Error: Channel closing: too late to send/recv, messages will be lost

1614850852658	geckodriver	INFO	Listening on 127.0.0.1:57831
1614850852662	mozrunner::runner	INFO	Running command: "/usr/bin/firefox" "--marionette" "-foreground" "-no-remote" "-profile" "/tmp/rust_mozprofiledTqaTN"
console.warn: SearchSettings: "get: No settings file exists, new profile?" (new Error("", "(unknown module)"))
1614850854532	Marionette	INFO	Listening on port 40841
1614850854589	Marionette	WARN	TLS certificate errors will be ignored for this session
1614850861635	Marionette	WARN	TimedPromise timed out after 500 ms: stacktrace:
TimedPromise/<@chrome://marionette/content/sync.js:231:19
TimedPromise@chrome://marionette/content/sync.js:216:10
interaction.flushEventLoop@chrome://marionette/content/interaction.js:433:10
webdriverClickElement@chrome://marionette/content/interaction.js:179:31
send@https://opensource-demo.orangehrmlive.com/webres_5fee89a90600f2.94309009/js/jquery/jquery-3.4.1.min.js:2:81476
ajax@https://opensource-demo.orangehrmlive.com/webres_5fee89a90600f2.94309009/js/jquery/jquery-3.4.1.min.js:2:77295
k._evalUrl@https://opensource-demo.orangehrmlive.com/webres_5fee89a90600f2.94309009/js/jquery/jquery-3.4.1.min.js:2:79350
Ie@https://opensource-demo.orangehrmlive.com/webres_5fee89a90600f2.94309009/js/jquery/jquery-3.4.1.min.js:2:48088
append@https://opensource-demo.orangehrmlive.com/webres_5fee89a90600f2.94309009/js/jquery/jquery-3.4.1.min.js:2:49520
html/<@https://opensource-demo.orangehrmlive.com/webres_5fee89a90600f2.94309009/js/jquery/jquery-3.4.1.min.js:2:50612
_@https://opensource-demo.orangehrmlive.com/webres_5fee89a90600f2.94309009/js/jquery/jquery-3.4.1.min.js:2:31840
html@https://opensource-demo.orangehrmlive.com/webres_5fee89a90600f2.94309009/js/jquery/jquery-3.4.1.min.js:2:50290
success@https://opensource-demo.orangehrmlive.com/index.php/dashboard:1253:36
c@https://opensource-demo.orangehrmlive.com/webres_5fee89a90600f2.94309009/js/jquery/jquery-3.4.1.min.js:2:27742
fireWith@https://opensource-demo.orangehrmlive.com/webres_5fee89a90600f2.94309009/js/jquery/jquery-3.4.1.min.js:2:28487
l@https://opensource-demo.orangehrmlive.com/webres_5fee89a90600f2.94309009/js/jquery/jquery-3.4.1.min.js:2:78789
o/<@https://opensource-demo.orangehrmlive.com/webres_5fee89a90600f2.94309009/js/jquery/jquery-3.4.1.min.js:2:81117
1614850876926	Marionette	INFO	Stopped listening on port 40841

###!!! [Parent][RunMessage] Error: Channel closing: too late to send/recv, messages will be lost

1614854098089	geckodriver	INFO	Listening on 127.0.0.1:41373
1614854098092	mozrunner::runner	INFO	Running command: "/usr/bin/firefox" "--marionette" "-foreground" "-no-remote" "-profile" "/tmp/rust_mozprofile7wqPok"
console.warn: SearchSettings: "get: No settings file exists, new profile?" (new Error("", "(unknown module)"))
1614854099746	Marionette	INFO	Listening on port 40825
1614854099822	Marionette	WARN	TLS certificate errors will be ignored for this session
1614854106262	Marionette	WARN	TimedPromise timed out after 500 ms: stacktrace:
TimedPromise/<@chrome://marionette/content/sync.js:231:19
TimedPromise@chrome://marionette/content/sync.js:216:10
interaction.flushEventLoop@chrome://marionette/content/interaction.js:433:10
webdriverClickElement@chrome://marionette/content/interaction.js:179:31
send@https://opensource-demo.orangehrmlive.com/webres_5fee89a90600f2.94309009/js/jquery/jquery-3.4.1.min.js:2:81476
ajax@https://opensource-demo.orangehrmlive.com/webres_5fee89a90600f2.94309009/js/jquery/jquery-3.4.1.min.js:2:77295
k._evalUrl@https://opensource-demo.orangehrmlive.com/webres_5fee89a90600f2.94309009/js/jquery/jquery-3.4.1.min.js:2:79350
Ie@https://opensource-demo.orangehrmlive.com/webres_5fee89a90600f2.94309009/js/jquery/jquery-3.4.1.min.js:2:48088
append@https://opensource-demo.orangehrmlive.com/webres_5fee89a90600f2.94309009/js/jquery/jquery-3.4.1.min.js:2:49520
html/<@https://opensource-demo.orangehrmlive.com/webres_5fee89a90600f2.94309009/js/jquery/jquery-3.4.1.min.js:2:50612
_@https://opensource-demo.orangehrmlive.com/webres_5fee89a90600f2.94309009/js/jquery/jquery-3.4.1.min.js:2:31840
html@https://opensource-demo.orangehrmlive.com/webres_5fee89a90600f2.94309009/js/jquery/jquery-3.4.1.min.js:2:50290
success@https://opensource-demo.orangehrmlive.com/index.php/dashboard:1253:36
c@https://opensource-demo.orangehrmlive.com/webres_5fee89a90600f2.94309009/js/jquery/jquery-3.4.1.min.js:2:27742
fireWith@https://opensource-demo.orangehrmlive.com/webres_5fee89a90600f2.94309009/js/jquery/jquery-3.4.1.min.js:2:28487
l@https://opensource-demo.orangehrmlive.com/webres_5fee89a90600f2.94309009/js/jquery/jquery-3.4.1.min.js:2:78789
o/<@https://opensource-demo.orangehrmlive.com/webres_5fee89a90600f2.94309009/js/jquery/jquery-3.4.1.min.js:2:81117
1614854111591	Marionette	INFO	Stopped listening on port 40825
1614854544468	geckodriver	INFO	Listening on 127.0.0.1:36227
1614854544471	mozrunner::runner	INFO	Running command: "/usr/bin/firefox" "--marionette" "-foreground" "-no-remote" "-profile" "/tmp/rust_mozprofileDWMzR0"
console.warn: SearchSettings: "get: No settings file exists, new profile?" (new Error("", "(unknown module)"))
1614854546212	Marionette	INFO	Listening on port 42129
1614854546301	Marionette	WARN	TLS certificate errors will be ignored for this session
1614854552342	Marionette	WARN	TimedPromise timed out after 500 ms: stacktrace:
TimedPromise/<@chrome://marionette/content/sync.js:231:19
TimedPromise@chrome://marionette/content/sync.js:216:10
interaction.flushEventLoop@chrome://marionette/content/interaction.js:433:10
webdriverClickElement@chrome://marionette/content/interaction.js:179:31
send@https://opensource-demo.orangehrmlive.com/webres_5fee89a90600f2.94309009/js/jquery/jquery-3.4.1.min.js:2:81476
ajax@https://opensource-demo.orangehrmlive.com/webres_5fee89a90600f2.94309009/js/jquery/jquery-3.4.1.min.js:2:77295
k._evalUrl@https://opensource-demo.orangehrmlive.com/webres_5fee89a90600f2.94309009/js/jquery/jquery-3.4.1.min.js:2:79350
Ie@https://opensource-demo.orangehrmlive.com/webres_5fee89a90600f2.94309009/js/jquery/jquery-3.4.1.min.js:2:48088
append@https://opensource-demo.orangehrmlive.com/webres_5fee89a90600f2.94309009/js/jquery/jquery-3.4.1.min.js:2:49520
html/<@https://opensource-demo.orangehrmlive.com/webres_5fee89a90600f2.94309009/js/jquery/jquery-3.4.1.min.js:2:50612
_@https://opensource-demo.orangehrmlive.com/webres_5fee89a90600f2.94309009/js/jquery/jquery-3.4.1.min.js:2:31840
html@https://opensource-demo.orangehrmlive.com/webres_5fee89a90600f2.94309009/js/jquery/jquery-3.4.1.min.js:2:50290
success@https://opensource-demo.orangehrmlive.com/index.php/dashboard:1253:36
c@https://opensource-demo.orangehrmlive.com/webres_5fee89a90600f2.94309009/js/jquery/jquery-3.4.1.min.js:2:27742
fireWith@https://opensource-demo.orangehrmlive.com/webres_5fee89a90600f2.94309009/js/jquery/jquery-3.4.1.min.js:2:28487
l@https://opensource-demo.orangehrmlive.com/webres_5fee89a90600f2.94309009/js/jquery/jquery-3.4.1.min.js:2:78789
o/<@https://opensource-demo.orangehrmlive.com/webres_5fee89a90600f2.94309009/js/jquery/jquery-3.4.1.min.js:2:81117
1614854562621	Marionette	INFO	Stopped listening on port 42129

###!!! [Parent][RunMessage] Error: Channel closing: too late to send/recv, messages will be lost

1614855305295	geckodriver	INFO	Listening on 127.0.0.1:49743
1614855305299	mozrunner::runner	INFO	Running command: "/usr/bin/firefox" "--marionette" "-foreground" "-no-remote" "-profile" "/tmp/rust_mozprofile1DrSOy"
console.warn: SearchSettings: "get: No settings file exists, new profile?" (new Error("", "(unknown module)"))
1614855306897	Marionette	INFO	Listening on port 40475
1614855306920	Marionette	WARN	TLS certificate errors will be ignored for this session
1614855314424	Marionette	WARN	TimedPromise timed out after 500 ms: stacktrace:
TimedPromise/<@chrome://marionette/content/sync.js:231:19
TimedPromise@chrome://marionette/content/sync.js:216:10
interaction.flushEventLoop@chrome://marionette/content/interaction.js:433:10
webdriverClickElement@chrome://marionette/content/interaction.js:179:31
send@https://opensource-demo.orangehrmlive.com/webres_5fee89a90600f2.94309009/js/jquery/jquery-3.4.1.min.js:2:81476
ajax@https://opensource-demo.orangehrmlive.com/webres_5fee89a90600f2.94309009/js/jquery/jquery-3.4.1.min.js:2:77295
k._evalUrl@https://opensource-demo.orangehrmlive.com/webres_5fee89a90600f2.94309009/js/jquery/jquery-3.4.1.min.js:2:79350
Ie@https://opensource-demo.orangehrmlive.com/webres_5fee89a90600f2.94309009/js/jquery/jquery-3.4.1.min.js:2:48088
append@https://opensource-demo.orangehrmlive.com/webres_5fee89a90600f2.94309009/js/jquery/jquery-3.4.1.min.js:2:49520
html/<@https://opensource-demo.orangehrmlive.com/webres_5fee89a90600f2.94309009/js/jquery/jquery-3.4.1.min.js:2:50612
_@https://opensource-demo.orangehrmlive.com/webres_5fee89a90600f2.94309009/js/jquery/jquery-3.4.1.min.js:2:31840
html@https://opensource-demo.orangehrmlive.com/webres_5fee89a90600f2.94309009/js/jquery/jquery-3.4.1.min.js:2:50290
success@https://opensource-demo.orangehrmlive.com/index.php/dashboard:1253:36
c@https://opensource-demo.orangehrmlive.com/webres_5fee89a90600f2.94309009/js/jquery/jquery-3.4.1.min.js:2:27742
fireWith@https://opensource-demo.orangehrmlive.com/webres_5fee89a90600f2.94309009/js/jquery/jquery-3.4.1.min.js:2:28487
l@https://opensource-demo.orangehrmlive.com/webres_5fee89a90600f2.94309009/js/jquery/jquery-3.4.1.min.js:2:78789
o/<@https://opensource-demo.orangehrmlive.com/webres_5fee89a90600f2.94309009/js/jquery/jquery-3.4.1.min.js:2:81117
1614855319743	Marionette	INFO	Stopped listening on port 40475

###!!! [Parent][RunMessage] Error: Channel closing: too late to send/recv, messages will be lost

1614855322009	geckodriver	INFO	Listening on 127.0.0.1:55777
1614855322013	mozrunner::runner	INFO	Running command: "/usr/bin/firefox" "--marionette" "-foreground" "-no-remote" "-profile" "/tmp/rust_mozprofile7lK7Oq"
console.warn: SearchSettings: "get: No settings file exists, new profile?" (new Error("", "(unknown module)"))
1614855323639	Marionette	INFO	Listening on port 38907
1614855323787	Marionette	WARN	TLS certificate errors will be ignored for this session
1614855331649	Marionette	WARN	TimedPromise timed out after 500 ms: stacktrace:
TimedPromise/<@chrome://marionette/content/sync.js:231:19
TimedPromise@chrome://marionette/content/sync.js:216:10
interaction.flushEventLoop@chrome://marionette/content/interaction.js:433:10
webdriverClickElement@chrome://marionette/content/interaction.js:179:31
send@https://opensource-demo.orangehrmlive.com/webres_5fee89a90600f2.94309009/js/jquery/jquery-3.4.1.min.js:2:81476
ajax@https://opensource-demo.orangehrmlive.com/webres_5fee89a90600f2.94309009/js/jquery/jquery-3.4.1.min.js:2:77295
k._evalUrl@https://opensource-demo.orangehrmlive.com/webres_5fee89a90600f2.94309009/js/jquery/jquery-3.4.1.min.js:2:79350
Ie@https://opensource-demo.orangehrmlive.com/webres_5fee89a90600f2.94309009/js/jquery/jquery-3.4.1.min.js:2:48088
append@https://opensource-demo.orangehrmlive.com/webres_5fee89a90600f2.94309009/js/jquery/jquery-3.4.1.min.js:2:49520
html/<@https://opensource-demo.orangehrmlive.com/webres_5fee89a90600f2.94309009/js/jquery/jquery-3.4.1.min.js:2:50612
_@https://opensource-demo.orangehrmlive.com/webres_5fee89a90600f2.94309009/js/jquery/jquery-3.4.1.min.js:2:31840
html@https://opensource-demo.orangehrmlive.com/webres_5fee89a90600f2.94309009/js/jquery/jquery-3.4.1.min.js:2:50290
success@https://opensource-demo.orangehrmlive.com/index.php/dashboard:1253:36
c@https://opensource-demo.orangehrmlive.com/webres_5fee89a90600f2.94309009/js/jquery/jquery-3.4.1.min.js:2:27742
fireWith@https://opensource-demo.orangehrmlive.com/webres_5fee89a90600f2.94309009/js/jquery/jquery-3.4.1.min.js:2:28487
l@https://opensource-demo.orangehrmlive.com/webres_5fee89a90600f2.94309009/js/jquery/jquery-3.4.1.min.js:2:78789
o/<@https://opensource-demo.orangehrmlive.com/webres_5fee89a90600f2.94309009/js/jquery/jquery-3.4.1.min.js:2:81117
1614855336986	Marionette	INFO	Stopped listening on port 38907

###!!! [Parent][RunMessage] Error: Channel closing: too late to send/recv, messages will be lost

1614863410769	geckodriver	INFO	Listening on 127.0.0.1:38191
1614863411774	mozrunner::runner	INFO	Running command: "/usr/bin/firefox" "--marionette" "-foreground" "-no-remote" "-profile" "/tmp/rust_mozprofilevR728F"
console.warn: SearchSettings: "get: No settings file exists, new profile?" (new Error("", "(unknown module)"))
1614863413753	Marionette	INFO	Listening on port 38917
1614863413802	Marionette	WARN	TLS certificate errors will be ignored for this session
1614863419092	Marionette	WARN	TimedPromise timed out after 500 ms: stacktrace:
TimedPromise/<@chrome://marionette/content/sync.js:231:19
TimedPromise@chrome://marionette/content/sync.js:216:10
interaction.flushEventLoop@chrome://marionette/content/interaction.js:433:10
webdriverClickElement@chrome://marionette/content/interaction.js:179:31
send@https://opensource-demo.orangehrmlive.com/webres_5fee89a90600f2.94309009/js/jquery/jquery-3.4.1.min.js:2:81476
ajax@https://opensource-demo.orangehrmlive.com/webres_5fee89a90600f2.94309009/js/jquery/jquery-3.4.1.min.js:2:77295
k._evalUrl@https://opensource-demo.orangehrmlive.com/webres_5fee89a90600f2.94309009/js/jquery/jquery-3.4.1.min.js:2:79350
Ie@https://opensource-demo.orangehrmlive.com/webres_5fee89a90600f2.94309009/js/jquery/jquery-3.4.1.min.js:2:48088
append@https://opensource-demo.orangehrmlive.com/webres_5fee89a90600f2.94309009/js/jquery/jquery-3.4.1.min.js:2:49520
html/<@https://opensource-demo.orangehrmlive.com/webres_5fee89a90600f2.94309009/js/jquery/jquery-3.4.1.min.js:2:50612
_@https://opensource-demo.orangehrmlive.com/webres_5fee89a90600f2.94309009/js/jquery/jquery-3.4.1.min.js:2:31840
html@https://opensource-demo.orangehrmlive.com/webres_5fee89a90600f2.94309009/js/jquery/jquery-3.4.1.min.js:2:50290
success@https://opensource-demo.orangehrmlive.com/index.php/dashboard:1253:36
c@https://opensource-demo.orangehrmlive.com/webres_5fee89a90600f2.94309009/js/jquery/jquery-3.4.1.min.js:2:27742
fireWith@https://opensource-demo.orangehrmlive.com/webres_5fee89a90600f2.94309009/js/jquery/jquery-3.4.1.min.js:2:28487
l@https://opensource-demo.orangehrmlive.com/webres_5fee89a90600f2.94309009/js/jquery/jquery-3.4.1.min.js:2:78789
o/<@https://opensource-demo.orangehrmlive.com/webres_5fee89a90600f2.94309009/js/jquery/jquery-3.4.1.min.js:2:81117
1614863424396	Marionette	INFO	Stopped listening on port 38917

###!!! [Parent][RunMessage] Error: Channel closing: too late to send/recv, messages will be lost

1614873939740	geckodriver	INFO	Listening on 127.0.0.1:37275
1614873940745	mozrunner::runner	INFO	Running command: "/usr/bin/firefox" "--marionette" "-foreground" "-no-remote" "-profile" "/tmp/rust_mozprofile71V8vI"
console.warn: SearchSettings: "get: No settings file exists, new profile?" (new Error("", "(unknown module)"))
1614873943892	Marionette	INFO	Listening on port 34915
1614873944001	Marionette	WARN	TLS certificate errors will be ignored for this session
console.error: Region.jsm: "Error fetching region" (new Error("TIMEOUT", "resource://gre/modules/Region.jsm", 775))
console.error: Region.jsm: "Failed to fetch region" (new Error("TIMEOUT", "resource://gre/modules/Region.jsm", 422))
1614873961218	Marionette	WARN	TimedPromise timed out after 500 ms: stacktrace:
TimedPromise/<@chrome://marionette/content/sync.js:231:19
TimedPromise@chrome://marionette/content/sync.js:216:10
interaction.flushEventLoop@chrome://marionette/content/interaction.js:433:10
webdriverClickElement@chrome://marionette/content/interaction.js:179:31
send@https://opensource-demo.orangehrmlive.com/webres_5fee89a90600f2.94309009/js/jquery/jquery-3.4.1.min.js:2:81476
ajax@https://opensource-demo.orangehrmlive.com/webres_5fee89a90600f2.94309009/js/jquery/jquery-3.4.1.min.js:2:77295
k._evalUrl@https://opensource-demo.orangehrmlive.com/webres_5fee89a90600f2.94309009/js/jquery/jquery-3.4.1.min.js:2:79350
Ie@https://opensource-demo.orangehrmlive.com/webres_5fee89a90600f2.94309009/js/jquery/jquery-3.4.1.min.js:2:48088
append@https://opensource-demo.orangehrmlive.com/webres_5fee89a90600f2.94309009/js/jquery/jquery-3.4.1.min.js:2:49520
html/<@https://opensource-demo.orangehrmlive.com/webres_5fee89a90600f2.94309009/js/jquery/jquery-3.4.1.min.js:2:50612
_@https://opensource-demo.orangehrmlive.com/webres_5fee89a90600f2.94309009/js/jquery/jquery-3.4.1.min.js:2:31840
html@https://opensource-demo.orangehrmlive.com/webres_5fee89a90600f2.94309009/js/jquery/jquery-3.4.1.min.js:2:50290
success@https://opensource-demo.orangehrmlive.com/index.php/dashboard:1253:36
c@https://opensource-demo.orangehrmlive.com/webres_5fee89a90600f2.94309009/js/jquery/jquery-3.4.1.min.js:2:27742
fireWith@https://opensource-demo.orangehrmlive.com/webres_5fee89a90600f2.94309009/js/jquery/jquery-3.4.1.min.js:2:28487
l@https://opensource-demo.orangehrmlive.com/webres_5fee89a90600f2.94309009/js/jquery/jquery-3.4.1.min.js:2:78789
o/<@https://opensource-demo.orangehrmlive.com/webres_5fee89a90600f2.94309009/js/jquery/jquery-3.4.1.min.js:2:81117
1614873966528	Marionette	INFO	Stopped listening on port 34915

###!!! [Parent][RunMessage] Error: Channel closing: too late to send/recv, messages will be lost

1614874001727	geckodriver	INFO	Listening on 127.0.0.1:57711
1614874001730	mozrunner::runner	INFO	Running command: "/usr/bin/firefox" "--marionette" "-foreground" "-no-remote" "-profile" "/tmp/rust_mozprofileWjsI8x"
console.warn: SearchSettings: "get: No settings file exists, new profile?" (new Error("", "(unknown module)"))
1614874003438	Marionette	INFO	Listening on port 44859
1614874003555	Marionette	WARN	TLS certificate errors will be ignored for this session
1614874027052	Marionette	INFO	Stopped listening on port 44859

###!!! [Parent][RunMessage] Error: Channel closing: too late to send/recv, messages will be lost

1614931751218	geckodriver	INFO	Listening on 127.0.0.1:35067
1614931752219	mozrunner::runner	INFO	Running command: "/usr/bin/firefox" "--marionette" "-foreground" "-no-remote" "-profile" "/tmp/rust_mozprofileRu3lCl"
console.warn: SearchSettings: "get: No settings file exists, new profile?" (new Error("", "(unknown module)"))
1614931754271	Marionette	INFO	Listening on port 43265
1614931754346	Marionette	WARN	TLS certificate errors will be ignored for this session
1614931765020	Marionette	INFO	Stopped listening on port 43265

###!!! [Parent][RunMessage] Error: Channel closing: too late to send/recv, messages will be lost

1614932006069	geckodriver	INFO	Listening on 127.0.0.1:36221
1614932006073	mozrunner::runner	INFO	Running command: "/usr/bin/firefox" "--marionette" "-foreground" "-no-remote" "-profile" "/tmp/rust_mozprofileQhrhND"
console.warn: SearchSettings: "get: No settings file exists, new profile?" (new Error("", "(unknown module)"))
1614932007614	Marionette	INFO	Listening on port 37751
1614932007714	Marionette	WARN	TLS certificate errors will be ignored for this session
1614932019388	Marionette	INFO	Stopped listening on port 37751

###!!! [Parent][RunMessage] Error: Channel closing: too late to send/recv, messages will be lost

1614932838598	geckodriver	INFO	Listening on 127.0.0.1:59371
1614932838601	mozrunner::runner	INFO	Running command: "/usr/bin/firefox" "--marionette" "-foreground" "-no-remote" "-profile" "/tmp/rust_mozprofilejjyzJo"
console.warn: SearchSettings: "get: No settings file exists, new profile?" (new Error("", "(unknown module)"))
1614932840403	Marionette	INFO	Listening on port 43185
1614932840424	Marionette	WARN	TLS certificate errors will be ignored for this session
1614932852314	Marionette	INFO	Stopped listening on port 43185

###!!! [Parent][RunMessage] Error: Channel closing: too late to send/recv, messages will be lost

1614933229458	geckodriver	INFO	Listening on 127.0.0.1:56387
1614933229461	mozrunner::runner	INFO	Running command: "/usr/bin/firefox" "--marionette" "-foreground" "-no-remote" "-profile" "/tmp/rust_mozprofileUcY49J"
console.warn: SearchSettings: "get: No settings file exists, new profile?" (new Error("", "(unknown module)"))
1614933230985	Marionette	INFO	Listening on port 40941
1614933231111	Marionette	WARN	TLS certificate errors will be ignored for this session
1614933242076	Marionette	INFO	Stopped listening on port 40941

###!!! [Parent][RunMessage] Error: Channel closing: too late to send/recv, messages will be lost

1614933352447	geckodriver	INFO	Listening on 127.0.0.1:51461
1614933352450	mozrunner::runner	INFO	Running command: "/usr/bin/firefox" "--marionette" "-foreground" "-no-remote" "-profile" "/tmp/rust_mozprofile8h5HTk"
console.warn: SearchSettings: "get: No settings file exists, new profile?" (new Error("", "(unknown module)"))
1614933354077	Marionette	INFO	Listening on port 34287
1614933354173	Marionette	WARN	TLS certificate errors will be ignored for this session
1614933364358	Marionette	INFO	Stopped listening on port 34287

###!!! [Parent][RunMessage] Error: Channel closing: too late to send/recv, messages will be lost

1614933380990	geckodriver	INFO	Listening on 127.0.0.1:49401
1614933380993	mozrunner::runner	INFO	Running command: "/usr/bin/firefox" "--marionette" "-foreground" "-no-remote" "-profile" "/tmp/rust_mozprofileYVve1V"
console.warn: SearchSettings: "get: No settings file exists, new profile?" (new Error("", "(unknown module)"))
1614933382631	Marionette	INFO	Listening on port 33495
1614933382716	Marionette	WARN	TLS certificate errors will be ignored for this session
1614933393696	Marionette	INFO	Stopped listening on port 33495

###!!! [Parent][RunMessage] Error: Channel closing: too late to send/recv, messages will be lost

1614933459464	geckodriver	INFO	Listening on 127.0.0.1:35909
1614933459467	mozrunner::runner	INFO	Running command: "/usr/bin/firefox" "--marionette" "-foreground" "-no-remote" "-profile" "/tmp/rust_mozprofilensxODC"
console.warn: SearchSettings: "get: No settings file exists, new profile?" (new Error("", "(unknown module)"))
1614933461048	Marionette	INFO	Listening on port 38629
1614933461099	Marionette	WARN	TLS certificate errors will be ignored for this session
1614933471435	Marionette	INFO	Stopped listening on port 38629

###!!! [Parent][RunMessage] Error: Channel closing: too late to send/recv, messages will be lost

1614934069386	geckodriver	INFO	Listening on 127.0.0.1:35593
1614934069389	mozrunner::runner	INFO	Running command: "/usr/bin/firefox" "--marionette" "-foreground" "-no-remote" "-profile" "/tmp/rust_mozprofile9knO6F"
console.warn: SearchSettings: "get: No settings file exists, new profile?" (new Error("", "(unknown module)"))
1614934070968	Marionette	INFO	Listening on port 46373
1614934071009	Marionette	WARN	TLS certificate errors will be ignored for this session
1614934082096	Marionette	INFO	Stopped listening on port 46373

###!!! [Parent][RunMessage] Error: Channel closing: too late to send/recv, messages will be lost

1614934158156	geckodriver	INFO	Listening on 127.0.0.1:53811
1614934158160	mozrunner::runner	INFO	Running command: "/usr/bin/firefox" "--marionette" "-foreground" "-no-remote" "-profile" "/tmp/rust_mozprofileNXNdAM"
console.warn: SearchSettings: "get: No settings file exists, new profile?" (new Error("", "(unknown module)"))
1614934159988	Marionette	INFO	Listening on port 37879
1614934160080	Marionette	WARN	TLS certificate errors will be ignored for this session
1614934170948	Marionette	INFO	Stopped listening on port 37879

###!!! [Parent][RunMessage] Error: Channel closing: too late to send/recv, messages will be lost

1615024174230	geckodriver	INFO	Listening on 127.0.0.1:46365
1615024175232	mozrunner::runner	INFO	Running command: "/usr/bin/firefox" "--marionette" "-foreground" "-no-remote" "-profile" "/tmp/rust_mozprofileOLtKMN"
console.warn: SearchSettings: "get: No settings file exists, new profile?" (new Error("", "(unknown module)"))
1615024177606	Marionette	INFO	Listening on port 46483
1615024177655	Marionette	WARN	TLS certificate errors will be ignored for this session
1615024186349	Marionette	WARN	TimedPromise timed out after 500 ms: stacktrace:
TimedPromise/<@chrome://marionette/content/sync.js:231:19
TimedPromise@chrome://marionette/content/sync.js:216:10
interaction.flushEventLoop@chrome://marionette/content/interaction.js:433:10
webdriverClickElement@chrome://marionette/content/interaction.js:179:31
send@https://opensource-demo.orangehrmlive.com/webres_5fee89a90600f2.94309009/js/jquery/jquery-3.4.1.min.js:2:81476
ajax@https://opensource-demo.orangehrmlive.com/webres_5fee89a90600f2.94309009/js/jquery/jquery-3.4.1.min.js:2:77295
k._evalUrl@https://opensource-demo.orangehrmlive.com/webres_5fee89a90600f2.94309009/js/jquery/jquery-3.4.1.min.js:2:79350
Ie@https://opensource-demo.orangehrmlive.com/webres_5fee89a90600f2.94309009/js/jquery/jquery-3.4.1.min.js:2:48088
append@https://opensource-demo.orangehrmlive.com/webres_5fee89a90600f2.94309009/js/jquery/jquery-3.4.1.min.js:2:49520
html/<@https://opensource-demo.orangehrmlive.com/webres_5fee89a90600f2.94309009/js/jquery/jquery-3.4.1.min.js:2:50612
_@https://opensource-demo.orangehrmlive.com/webres_5fee89a90600f2.94309009/js/jquery/jquery-3.4.1.min.js:2:31840
html@https://opensource-demo.orangehrmlive.com/webres_5fee89a90600f2.94309009/js/jquery/jquery-3.4.1.min.js:2:50290
success@https://opensource-demo.orangehrmlive.com/index.php/dashboard:1253:36
c@https://opensource-demo.orangehrmlive.com/webres_5fee89a90600f2.94309009/js/jquery/jquery-3.4.1.min.js:2:27742
fireWith@https://opensource-demo.orangehrmlive.com/webres_5fee89a90600f2.94309009/js/jquery/jquery-3.4.1.min.js:2:28487
l@https://opensource-demo.orangehrmlive.com/webres_5fee89a90600f2.94309009/js/jquery/jquery-3.4.1.min.js:2:78789
o/<@https://opensource-demo.orangehrmlive.com/webres_5fee89a90600f2.94309009/js/jquery/jquery-3.4.1.min.js:2:81117
1615024191662	Marionette	INFO	Stopped listening on port 46483

###!!! [Parent][RunMessage] Error: Channel closing: too late to send/recv, messages will be lost

1615024242450	geckodriver	INFO	Listening on 127.0.0.1:56209
1615024242453	mozrunner::runner	INFO	Running command: "/usr/bin/firefox" "--marionette" "-foreground" "-no-remote" "-profile" "/tmp/rust_mozprofileyLf6oa"
console.warn: SearchSettings: "get: No settings file exists, new profile?" (new Error("", "(unknown module)"))
1615024244166	Marionette	INFO	Listening on port 36123
1615024244302	Marionette	WARN	TLS certificate errors will be ignored for this session
1615024254280	Marionette	INFO	Stopped listening on port 36123

###!!! [Parent][RunMessage] Error: Channel closing: too late to send/recv, messages will be lost

1615025068057	geckodriver	INFO	Listening on 127.0.0.1:38633
1615025068061	mozrunner::runner	INFO	Running command: "/usr/bin/firefox" "--marionette" "-foreground" "-no-remote" "-profile" "/tmp/rust_mozprofileYdlA9O"
console.warn: SearchSettings: "get: No settings file exists, new profile?" (new Error("", "(unknown module)"))
1615025069885	Marionette	INFO	Listening on port 40955
1615025069983	Marionette	WARN	TLS certificate errors will be ignored for this session
1615025079040	Marionette	WARN	TimedPromise timed out after 500 ms: stacktrace:
TimedPromise/<@chrome://marionette/content/sync.js:231:19
TimedPromise@chrome://marionette/content/sync.js:216:10
interaction.flushEventLoop@chrome://marionette/content/interaction.js:433:10
webdriverClickElement@chrome://marionette/content/interaction.js:179:31
send@https://opensource-demo.orangehrmlive.com/webres_5fee89a90600f2.94309009/js/jquery/jquery-3.4.1.min.js:2:81476
ajax@https://opensource-demo.orangehrmlive.com/webres_5fee89a90600f2.94309009/js/jquery/jquery-3.4.1.min.js:2:77295
k._evalUrl@https://opensource-demo.orangehrmlive.com/webres_5fee89a90600f2.94309009/js/jquery/jquery-3.4.1.min.js:2:79350
Ie@https://opensource-demo.orangehrmlive.com/webres_5fee89a90600f2.94309009/js/jquery/jquery-3.4.1.min.js:2:48088
append@https://opensource-demo.orangehrmlive.com/webres_5fee89a90600f2.94309009/js/jquery/jquery-3.4.1.min.js:2:49520
html/<@https://opensource-demo.orangehrmlive.com/webres_5fee89a90600f2.94309009/js/jquery/jquery-3.4.1.min.js:2:50612
_@https://opensource-demo.orangehrmlive.com/webres_5fee89a90600f2.94309009/js/jquery/jquery-3.4.1.min.js:2:31840
html@https://opensource-demo.orangehrmlive.com/webres_5fee89a90600f2.94309009/js/jquery/jquery-3.4.1.min.js:2:50290
success@https://opensource-demo.orangehrmlive.com/index.php/dashboard:1253:36
c@https://opensource-demo.orangehrmlive.com/webres_5fee89a90600f2.94309009/js/jquery/jquery-3.4.1.min.js:2:27742
fireWith@https://opensource-demo.orangehrmlive.com/webres_5fee89a90600f2.94309009/js/jquery/jquery-3.4.1.min.js:2:28487
l@https://opensource-demo.orangehrmlive.com/webres_5fee89a90600f2.94309009/js/jquery/jquery-3.4.1.min.js:2:78789
o/<@https://opensource-demo.orangehrmlive.com/webres_5fee89a90600f2.94309009/js/jquery/jquery-3.4.1.min.js:2:81117
1615025084351	Marionette	INFO	Stopped listening on port 40955

###!!! [Parent][RunMessage] Error: Channel closing: too late to send/recv, messages will be lost

1615025086357	geckodriver	INFO	Listening on 127.0.0.1:38061
1615025086360	mozrunner::runner	INFO	Running command: "/usr/bin/firefox" "--marionette" "-foreground" "-no-remote" "-profile" "/tmp/rust_mozprofileHxrPrC"
console.warn: SearchSettings: "get: No settings file exists, new profile?" (new Error("", "(unknown module)"))
1615025088023	Marionette	INFO	Listening on port 40957
1615025088079	Marionette	WARN	TLS certificate errors will be ignored for this session
1615025097538	Marionette	INFO	Stopped listening on port 40957

###!!! [Parent][RunMessage] Error: Channel closing: too late to send/recv, messages will be lost

1615025374471	geckodriver	INFO	Listening on 127.0.0.1:49079
1615025374475	mozrunner::runner	INFO	Running command: "/usr/bin/firefox" "--marionette" "-foreground" "-no-remote" "-profile" "/tmp/rust_mozprofileVVousp"
console.warn: SearchSettings: "get: No settings file exists, new profile?" (new Error("", "(unknown module)"))
1615025376074	Marionette	INFO	Listening on port 37297
1615025376096	Marionette	WARN	TLS certificate errors will be ignored for this session
1615025386266	Marionette	WARN	TimedPromise timed out after 500 ms: stacktrace:
TimedPromise/<@chrome://marionette/content/sync.js:231:19
TimedPromise@chrome://marionette/content/sync.js:216:10
interaction.flushEventLoop@chrome://marionette/content/interaction.js:433:10
webdriverClickElement@chrome://marionette/content/interaction.js:179:31
send@https://opensource-demo.orangehrmlive.com/webres_5fee89a90600f2.94309009/js/jquery/jquery-3.4.1.min.js:2:81476
ajax@https://opensource-demo.orangehrmlive.com/webres_5fee89a90600f2.94309009/js/jquery/jquery-3.4.1.min.js:2:77295
k._evalUrl@https://opensource-demo.orangehrmlive.com/webres_5fee89a90600f2.94309009/js/jquery/jquery-3.4.1.min.js:2:79350
Ie@https://opensource-demo.orangehrmlive.com/webres_5fee89a90600f2.94309009/js/jquery/jquery-3.4.1.min.js:2:48088
append@https://opensource-demo.orangehrmlive.com/webres_5fee89a90600f2.94309009/js/jquery/jquery-3.4.1.min.js:2:49520
html/<@https://opensource-demo.orangehrmlive.com/webres_5fee89a90600f2.94309009/js/jquery/jquery-3.4.1.min.js:2:50612
_@https://opensource-demo.orangehrmlive.com/webres_5fee89a90600f2.94309009/js/jquery/jquery-3.4.1.min.js:2:31840
html@https://opensource-demo.orangehrmlive.com/webres_5fee89a90600f2.94309009/js/jquery/jquery-3.4.1.min.js:2:50290
success@https://opensource-demo.orangehrmlive.com/index.php/dashboard:1253:36
c@https://opensource-demo.orangehrmlive.com/webres_5fee89a90600f2.94309009/js/jquery/jquery-3.4.1.min.js:2:27742
fireWith@https://opensource-demo.orangehrmlive.com/webres_5fee89a90600f2.94309009/js/jquery/jquery-3.4.1.min.js:2:28487
l@https://opensource-demo.orangehrmlive.com/webres_5fee89a90600f2.94309009/js/jquery/jquery-3.4.1.min.js:2:78789
o/<@https://opensource-demo.orangehrmlive.com/webres_5fee89a90600f2.94309009/js/jquery/jquery-3.4.1.min.js:2:81117
1615025391565	Marionette	INFO	Stopped listening on port 37297

###!!! [Parent][RunMessage] Error: Channel closing: too late to send/recv, messages will be lost

1615025395259	geckodriver	INFO	Listening on 127.0.0.1:40985
1615025395263	mozrunner::runner	INFO	Running command: "/usr/bin/firefox" "--marionette" "-foreground" "-no-remote" "-profile" "/tmp/rust_mozprofileZgCpmo"
console.warn: SearchSettings: "get: No settings file exists, new profile?" (new Error("", "(unknown module)"))
1615025397131	Marionette	INFO	Listening on port 46047
1615025397184	Marionette	WARN	TLS certificate errors will be ignored for this session
1615025404933	Marionette	WARN	TimedPromise timed out after 500 ms: stacktrace:
TimedPromise/<@chrome://marionette/content/sync.js:231:19
TimedPromise@chrome://marionette/content/sync.js:216:10
interaction.flushEventLoop@chrome://marionette/content/interaction.js:433:10
webdriverClickElement@chrome://marionette/content/interaction.js:179:31
send@https://opensource-demo.orangehrmlive.com/webres_5fee89a90600f2.94309009/js/jquery/jquery-3.4.1.min.js:2:81476
ajax@https://opensource-demo.orangehrmlive.com/webres_5fee89a90600f2.94309009/js/jquery/jquery-3.4.1.min.js:2:77295
k._evalUrl@https://opensource-demo.orangehrmlive.com/webres_5fee89a90600f2.94309009/js/jquery/jquery-3.4.1.min.js:2:79350
Ie@https://opensource-demo.orangehrmlive.com/webres_5fee89a90600f2.94309009/js/jquery/jquery-3.4.1.min.js:2:48088
append@https://opensource-demo.orangehrmlive.com/webres_5fee89a90600f2.94309009/js/jquery/jquery-3.4.1.min.js:2:49520
html/<@https://opensource-demo.orangehrmlive.com/webres_5fee89a90600f2.94309009/js/jquery/jquery-3.4.1.min.js:2:50612
_@https://opensource-demo.orangehrmlive.com/webres_5fee89a90600f2.94309009/js/jquery/jquery-3.4.1.min.js:2:31840
html@https://opensource-demo.orangehrmlive.com/webres_5fee89a90600f2.94309009/js/jquery/jquery-3.4.1.min.js:2:50290
success@https://opensource-demo.orangehrmlive.com/index.php/dashboard:1253:36
c@https://opensource-demo.orangehrmlive.com/webres_5fee89a90600f2.94309009/js/jquery/jquery-3.4.1.min.js:2:27742
fireWith@https://opensource-demo.orangehrmlive.com/webres_5fee89a90600f2.94309009/js/jquery/jquery-3.4.1.min.js:2:28487
l@https://opensource-demo.orangehrmlive.com/webres_5fee89a90600f2.94309009/js/jquery/jquery-3.4.1.min.js:2:78789
o/<@https://opensource-demo.orangehrmlive.com/webres_5fee89a90600f2.94309009/js/jquery/jquery-3.4.1.min.js:2:81117
1615025410223	Marionette	INFO	Stopped listening on port 46047

###!!! [Parent][RunMessage] Error: Channel closing: too late to send/recv, messages will be lost

1615025508257	geckodriver	INFO	Listening on 127.0.0.1:49603
1615025508260	mozrunner::runner	INFO	Running command: "/usr/bin/firefox" "--marionette" "-foreground" "-no-remote" "-profile" "/tmp/rust_mozprofileuVJFUl"
console.warn: SearchSettings: "get: No settings file exists, new profile?" (new Error("", "(unknown module)"))
1615025509945	Marionette	INFO	Listening on port 46045
1615025509986	Marionette	WARN	TLS certificate errors will be ignored for this session
1615025517218	Marionette	WARN	TimedPromise timed out after 500 ms: stacktrace:
TimedPromise/<@chrome://marionette/content/sync.js:231:19
TimedPromise@chrome://marionette/content/sync.js:216:10
interaction.flushEventLoop@chrome://marionette/content/interaction.js:433:10
webdriverClickElement@chrome://marionette/content/interaction.js:179:31
send@https://opensource-demo.orangehrmlive.com/webres_5fee89a90600f2.94309009/js/jquery/jquery-3.4.1.min.js:2:81476
ajax@https://opensource-demo.orangehrmlive.com/webres_5fee89a90600f2.94309009/js/jquery/jquery-3.4.1.min.js:2:77295
k._evalUrl@https://opensource-demo.orangehrmlive.com/webres_5fee89a90600f2.94309009/js/jquery/jquery-3.4.1.min.js:2:79350
Ie@https://opensource-demo.orangehrmlive.com/webres_5fee89a90600f2.94309009/js/jquery/jquery-3.4.1.min.js:2:48088
append@https://opensource-demo.orangehrmlive.com/webres_5fee89a90600f2.94309009/js/jquery/jquery-3.4.1.min.js:2:49520
html/<@https://opensource-demo.orangehrmlive.com/webres_5fee89a90600f2.94309009/js/jquery/jquery-3.4.1.min.js:2:50612
_@https://opensource-demo.orangehrmlive.com/webres_5fee89a90600f2.94309009/js/jquery/jquery-3.4.1.min.js:2:31840
html@https://opensource-demo.orangehrmlive.com/webres_5fee89a90600f2.94309009/js/jquery/jquery-3.4.1.min.js:2:50290
success@https://opensource-demo.orangehrmlive.com/index.php/dashboard:1253:36
c@https://opensource-demo.orangehrmlive.com/webres_5fee89a90600f2.94309009/js/jquery/jquery-3.4.1.min.js:2:27742
fireWith@https://opensource-demo.orangehrmlive.com/webres_5fee89a90600f2.94309009/js/jquery/jquery-3.4.1.min.js:2:28487
l@https://opensource-demo.orangehrmlive.com/webres_5fee89a90600f2.94309009/js/jquery/jquery-3.4.1.min.js:2:78789
o/<@https://opensource-demo.orangehrmlive.com/webres_5fee89a90600f2.94309009/js/jquery/jquery-3.4.1.min.js:2:81117
1615025522523	Marionette	INFO	Stopped listening on port 46045

###!!! [Parent][RunMessage] Error: Channel closing: too late to send/recv, messages will be lost

1615025527755	geckodriver	INFO	Listening on 127.0.0.1:39457
1615025527759	mozrunner::runner	INFO	Running command: "/usr/bin/firefox" "--marionette" "-foreground" "-no-remote" "-profile" "/tmp/rust_mozprofilelYkiSv"
console.warn: SearchSettings: "get: No settings file exists, new profile?" (new Error("", "(unknown module)"))
1615025529535	Marionette	INFO	Listening on port 45307
1615025529591	Marionette	WARN	TLS certificate errors will be ignored for this session
1615025536804	Marionette	WARN	TimedPromise timed out after 500 ms: stacktrace:
TimedPromise/<@chrome://marionette/content/sync.js:231:19
TimedPromise@chrome://marionette/content/sync.js:216:10
interaction.flushEventLoop@chrome://marionette/content/interaction.js:433:10
webdriverClickElement@chrome://marionette/content/interaction.js:179:31
send@https://opensource-demo.orangehrmlive.com/webres_5fee89a90600f2.94309009/js/jquery/jquery-3.4.1.min.js:2:81476
ajax@https://opensource-demo.orangehrmlive.com/webres_5fee89a90600f2.94309009/js/jquery/jquery-3.4.1.min.js:2:77295
k._evalUrl@https://opensource-demo.orangehrmlive.com/webres_5fee89a90600f2.94309009/js/jquery/jquery-3.4.1.min.js:2:79350
Ie@https://opensource-demo.orangehrmlive.com/webres_5fee89a90600f2.94309009/js/jquery/jquery-3.4.1.min.js:2:48088
append@https://opensource-demo.orangehrmlive.com/webres_5fee89a90600f2.94309009/js/jquery/jquery-3.4.1.min.js:2:49520
html/<@https://opensource-demo.orangehrmlive.com/webres_5fee89a90600f2.94309009/js/jquery/jquery-3.4.1.min.js:2:50612
_@https://opensource-demo.orangehrmlive.com/webres_5fee89a90600f2.94309009/js/jquery/jquery-3.4.1.min.js:2:31840
html@https://opensource-demo.orangehrmlive.com/webres_5fee89a90600f2.94309009/js/jquery/jquery-3.4.1.min.js:2:50290
success@https://opensource-demo.orangehrmlive.com/index.php/dashboard:1253:36
c@https://opensource-demo.orangehrmlive.com/webres_5fee89a90600f2.94309009/js/jquery/jquery-3.4.1.min.js:2:27742
fireWith@https://opensource-demo.orangehrmlive.com/webres_5fee89a90600f2.94309009/js/jquery/jquery-3.4.1.min.js:2:28487
l@https://opensource-demo.orangehrmlive.com/webres_5fee89a90600f2.94309009/js/jquery/jquery-3.4.1.min.js:2:78789
o/<@https://opensource-demo.orangehrmlive.com/webres_5fee89a90600f2.94309009/js/jquery/jquery-3.4.1.min.js:2:81117
1615025542093	Marionette	INFO	Stopped listening on port 45307

###!!! [Parent][RunMessage] Error: Channel closing: too late to send/recv, messages will be lost

1615025554381	geckodriver	INFO	Listening on 127.0.0.1:37623
1615025554384	mozrunner::runner	INFO	Running command: "/usr/bin/firefox" "--marionette" "-foreground" "-no-remote" "-profile" "/tmp/rust_mozprofileU8oKTZ"
console.warn: SearchSettings: "get: No settings file exists, new profile?" (new Error("", "(unknown module)"))
1615025556242	Marionette	INFO	Listening on port 43269
1615025556305	Marionette	WARN	TLS certificate errors will be ignored for this session
1615025565515	Marionette	WARN	TimedPromise timed out after 500 ms: stacktrace:
TimedPromise/<@chrome://marionette/content/sync.js:231:19
TimedPromise@chrome://marionette/content/sync.js:216:10
interaction.flushEventLoop@chrome://marionette/content/interaction.js:433:10
webdriverClickElement@chrome://marionette/content/interaction.js:179:31
send@https://opensource-demo.orangehrmlive.com/webres_5fee89a90600f2.94309009/js/jquery/jquery-3.4.1.min.js:2:81476
ajax@https://opensource-demo.orangehrmlive.com/webres_5fee89a90600f2.94309009/js/jquery/jquery-3.4.1.min.js:2:77295
k._evalUrl@https://opensource-demo.orangehrmlive.com/webres_5fee89a90600f2.94309009/js/jquery/jquery-3.4.1.min.js:2:79350
Ie@https://opensource-demo.orangehrmlive.com/webres_5fee89a90600f2.94309009/js/jquery/jquery-3.4.1.min.js:2:48088
append@https://opensource-demo.orangehrmlive.com/webres_5fee89a90600f2.94309009/js/jquery/jquery-3.4.1.min.js:2:49520
html/<@https://opensource-demo.orangehrmlive.com/webres_5fee89a90600f2.94309009/js/jquery/jquery-3.4.1.min.js:2:50612
_@https://opensource-demo.orangehrmlive.com/webres_5fee89a90600f2.94309009/js/jquery/jquery-3.4.1.min.js:2:31840
html@https://opensource-demo.orangehrmlive.com/webres_5fee89a90600f2.94309009/js/jquery/jquery-3.4.1.min.js:2:50290
success@https://opensource-demo.orangehrmlive.com/index.php/dashboard:1253:36
c@https://opensource-demo.orangehrmlive.com/webres_5fee89a90600f2.94309009/js/jquery/jquery-3.4.1.min.js:2:27742
fireWith@https://opensource-demo.orangehrmlive.com/webres_5fee89a90600f2.94309009/js/jquery/jquery-3.4.1.min.js:2:28487
l@https://opensource-demo.orangehrmlive.com/webres_5fee89a90600f2.94309009/js/jquery/jquery-3.4.1.min.js:2:78789
o/<@https://opensource-demo.orangehrmlive.com/webres_5fee89a90600f2.94309009/js/jquery/jquery-3.4.1.min.js:2:81117
1615025575833	Marionette	INFO	Stopped listening on port 43269

###!!! [Parent][RunMessage] Error: Channel closing: too late to send/recv, messages will be lost

1615025600142	geckodriver	INFO	Listening on 127.0.0.1:33333
1615025600146	mozrunner::runner	INFO	Running command: "/usr/bin/firefox" "--marionette" "-foreground" "-no-remote" "-profile" "/tmp/rust_mozprofilewdo9Mf"
console.warn: SearchSettings: "get: No settings file exists, new profile?" (new Error("", "(unknown module)"))
1615025601719	Marionette	INFO	Listening on port 35311
1615025601768	Marionette	WARN	TLS certificate errors will be ignored for this session
1615025610063	Marionette	WARN	TimedPromise timed out after 500 ms: stacktrace:
TimedPromise/<@chrome://marionette/content/sync.js:231:19
TimedPromise@chrome://marionette/content/sync.js:216:10
interaction.flushEventLoop@chrome://marionette/content/interaction.js:433:10
webdriverClickElement@chrome://marionette/content/interaction.js:179:31
send@https://opensource-demo.orangehrmlive.com/webres_5fee89a90600f2.94309009/js/jquery/jquery-3.4.1.min.js:2:81476
ajax@https://opensource-demo.orangehrmlive.com/webres_5fee89a90600f2.94309009/js/jquery/jquery-3.4.1.min.js:2:77295
k._evalUrl@https://opensource-demo.orangehrmlive.com/webres_5fee89a90600f2.94309009/js/jquery/jquery-3.4.1.min.js:2:79350
Ie@https://opensource-demo.orangehrmlive.com/webres_5fee89a90600f2.94309009/js/jquery/jquery-3.4.1.min.js:2:48088
append@https://opensource-demo.orangehrmlive.com/webres_5fee89a90600f2.94309009/js/jquery/jquery-3.4.1.min.js:2:49520
html/<@https://opensource-demo.orangehrmlive.com/webres_5fee89a90600f2.94309009/js/jquery/jquery-3.4.1.min.js:2:50612
_@https://opensource-demo.orangehrmlive.com/webres_5fee89a90600f2.94309009/js/jquery/jquery-3.4.1.min.js:2:31840
html@https://opensource-demo.orangehrmlive.com/webres_5fee89a90600f2.94309009/js/jquery/jquery-3.4.1.min.js:2:50290
success@https://opensource-demo.orangehrmlive.com/index.php/dashboard:1253:36
c@https://opensource-demo.orangehrmlive.com/webres_5fee89a90600f2.94309009/js/jquery/jquery-3.4.1.min.js:2:27742
fireWith@https://opensource-demo.orangehrmlive.com/webres_5fee89a90600f2.94309009/js/jquery/jquery-3.4.1.min.js:2:28487
l@https://opensource-demo.orangehrmlive.com/webres_5fee89a90600f2.94309009/js/jquery/jquery-3.4.1.min.js:2:78789
o/<@https://opensource-demo.orangehrmlive.com/webres_5fee89a90600f2.94309009/js/jquery/jquery-3.4.1.min.js:2:81117
1615025620397	Marionette	INFO	Stopped listening on port 35311

###!!! [Parent][RunMessage] Error: Channel closing: too late to send/recv, messages will be lost

1615025751428	geckodriver	INFO	Listening on 127.0.0.1:60757
1615025751432	mozrunner::runner	INFO	Running command: "/usr/bin/firefox" "--marionette" "-foreground" "-no-remote" "-profile" "/tmp/rust_mozprofile46L276"
console.warn: SearchSettings: "get: No settings file exists, new profile?" (new Error("", "(unknown module)"))
1615025753331	Marionette	INFO	Listening on port 40025
1615025753355	Marionette	WARN	TLS certificate errors will be ignored for this session
1615025762503	Marionette	WARN	TimedPromise timed out after 500 ms: stacktrace:
TimedPromise/<@chrome://marionette/content/sync.js:231:19
TimedPromise@chrome://marionette/content/sync.js:216:10
interaction.flushEventLoop@chrome://marionette/content/interaction.js:433:10
webdriverClickElement@chrome://marionette/content/interaction.js:179:31
send@https://opensource-demo.orangehrmlive.com/webres_5fee89a90600f2.94309009/js/jquery/jquery-3.4.1.min.js:2:81476
ajax@https://opensource-demo.orangehrmlive.com/webres_5fee89a90600f2.94309009/js/jquery/jquery-3.4.1.min.js:2:77295
k._evalUrl@https://opensource-demo.orangehrmlive.com/webres_5fee89a90600f2.94309009/js/jquery/jquery-3.4.1.min.js:2:79350
Ie@https://opensource-demo.orangehrmlive.com/webres_5fee89a90600f2.94309009/js/jquery/jquery-3.4.1.min.js:2:48088
append@https://opensource-demo.orangehrmlive.com/webres_5fee89a90600f2.94309009/js/jquery/jquery-3.4.1.min.js:2:49520
html/<@https://opensource-demo.orangehrmlive.com/webres_5fee89a90600f2.94309009/js/jquery/jquery-3.4.1.min.js:2:50612
_@https://opensource-demo.orangehrmlive.com/webres_5fee89a90600f2.94309009/js/jquery/jquery-3.4.1.min.js:2:31840
html@https://opensource-demo.orangehrmlive.com/webres_5fee89a90600f2.94309009/js/jquery/jquery-3.4.1.min.js:2:50290
success@https://opensource-demo.orangehrmlive.com/index.php/dashboard:1253:36
c@https://opensource-demo.orangehrmlive.com/webres_5fee89a90600f2.94309009/js/jquery/jquery-3.4.1.min.js:2:27742
fireWith@https://opensource-demo.orangehrmlive.com/webres_5fee89a90600f2.94309009/js/jquery/jquery-3.4.1.min.js:2:28487
l@https://opensource-demo.orangehrmlive.com/webres_5fee89a90600f2.94309009/js/jquery/jquery-3.4.1.min.js:2:78789
o/<@https://opensource-demo.orangehrmlive.com/webres_5fee89a90600f2.94309009/js/jquery/jquery-3.4.1.min.js:2:81117
1615025772829	Marionette	INFO	Stopped listening on port 40025

###!!! [Parent][RunMessage] Error: Channel closing: too late to send/recv, messages will be lost

1615026034016	geckodriver	INFO	Listening on 127.0.0.1:42147
1615026034019	mozrunner::runner	INFO	Running command: "/usr/bin/firefox" "--marionette" "-foreground" "-no-remote" "-profile" "/tmp/rust_mozprofilenBJ6If"
console.warn: SearchSettings: "get: No settings file exists, new profile?" (new Error("", "(unknown module)"))
1615026035667	Marionette	INFO	Listening on port 40139
1615026035743	Marionette	WARN	TLS certificate errors will be ignored for this session
1615026042515	Marionette	WARN	TimedPromise timed out after 500 ms: stacktrace:
TimedPromise/<@chrome://marionette/content/sync.js:231:19
TimedPromise@chrome://marionette/content/sync.js:216:10
interaction.flushEventLoop@chrome://marionette/content/interaction.js:433:10
webdriverClickElement@chrome://marionette/content/interaction.js:179:31
send@https://opensource-demo.orangehrmlive.com/webres_5fee89a90600f2.94309009/js/jquery/jquery-3.4.1.min.js:2:81476
ajax@https://opensource-demo.orangehrmlive.com/webres_5fee89a90600f2.94309009/js/jquery/jquery-3.4.1.min.js:2:77295
k._evalUrl@https://opensource-demo.orangehrmlive.com/webres_5fee89a90600f2.94309009/js/jquery/jquery-3.4.1.min.js:2:79350
Ie@https://opensource-demo.orangehrmlive.com/webres_5fee89a90600f2.94309009/js/jquery/jquery-3.4.1.min.js:2:48088
append@https://opensource-demo.orangehrmlive.com/webres_5fee89a90600f2.94309009/js/jquery/jquery-3.4.1.min.js:2:49520
html/<@https://opensource-demo.orangehrmlive.com/webres_5fee89a90600f2.94309009/js/jquery/jquery-3.4.1.min.js:2:50612
_@https://opensource-demo.orangehrmlive.com/webres_5fee89a90600f2.94309009/js/jquery/jquery-3.4.1.min.js:2:31840
html@https://opensource-demo.orangehrmlive.com/webres_5fee89a90600f2.94309009/js/jquery/jquery-3.4.1.min.js:2:50290
success@https://opensource-demo.orangehrmlive.com/index.php/dashboard:1253:36
c@https://opensource-demo.orangehrmlive.com/webres_5fee89a90600f2.94309009/js/jquery/jquery-3.4.1.min.js:2:27742
fireWith@https://opensource-demo.orangehrmlive.com/webres_5fee89a90600f2.94309009/js/jquery/jquery-3.4.1.min.js:2:28487
l@https://opensource-demo.orangehrmlive.com/webres_5fee89a90600f2.94309009/js/jquery/jquery-3.4.1.min.js:2:78789
o/<@https://opensource-demo.orangehrmlive.com/webres_5fee89a90600f2.94309009/js/jquery/jquery-3.4.1.min.js:2:81117
1615026052862	Marionette	INFO	Stopped listening on port 40139

###!!! [Parent][RunMessage] Error: Channel closing: too late to send/recv, messages will be lost

1615026828085	geckodriver	INFO	Listening on 127.0.0.1:41383
1615026828089	mozrunner::runner	INFO	Running command: "/usr/bin/firefox" "--marionette" "-foreground" "-no-remote" "-profile" "/tmp/rust_mozprofileiDRb8b"
console.warn: SearchSettings: "get: No settings file exists, new profile?" (new Error("", "(unknown module)"))
1615026829726	Marionette	INFO	Listening on port 36307
1615026829808	Marionette	WARN	TLS certificate errors will be ignored for this session
1615026837818	Marionette	INFO	Stopped listening on port 36307
1615231233159	geckodriver	INFO	Listening on 127.0.0.1:36543
1615231234163	mozrunner::runner	INFO	Running command: "/usr/bin/firefox" "--marionette" "-foreground" "-no-remote" "-profile" "/tmp/rust_mozprofilerCrzfR"
console.warn: SearchSettings: "get: No settings file exists, new profile?" (new Error("", "(unknown module)"))
1615231236056	Marionette	INFO	Listening on port 42221
1615231236093	Marionette	WARN	TLS certificate errors will be ignored for this session
1615231241354	Marionette	WARN	TimedPromise timed out after 500 ms: stacktrace:
TimedPromise/<@chrome://marionette/content/sync.js:231:19
TimedPromise@chrome://marionette/content/sync.js:216:10
interaction.flushEventLoop@chrome://marionette/content/interaction.js:433:10
webdriverClickElement@chrome://marionette/content/interaction.js:179:31
send@https://opensource-demo.orangehrmlive.com/webres_5fee89a90600f2.94309009/js/jquery/jquery-3.4.1.min.js:2:81476
ajax@https://opensource-demo.orangehrmlive.com/webres_5fee89a90600f2.94309009/js/jquery/jquery-3.4.1.min.js:2:77295
k._evalUrl@https://opensource-demo.orangehrmlive.com/webres_5fee89a90600f2.94309009/js/jquery/jquery-3.4.1.min.js:2:79350
Ie@https://opensource-demo.orangehrmlive.com/webres_5fee89a90600f2.94309009/js/jquery/jquery-3.4.1.min.js:2:48088
append@https://opensource-demo.orangehrmlive.com/webres_5fee89a90600f2.94309009/js/jquery/jquery-3.4.1.min.js:2:49520
html/<@https://opensource-demo.orangehrmlive.com/webres_5fee89a90600f2.94309009/js/jquery/jquery-3.4.1.min.js:2:50612
_@https://opensource-demo.orangehrmlive.com/webres_5fee89a90600f2.94309009/js/jquery/jquery-3.4.1.min.js:2:31840
html@https://opensource-demo.orangehrmlive.com/webres_5fee89a90600f2.94309009/js/jquery/jquery-3.4.1.min.js:2:50290
success@https://opensource-demo.orangehrmlive.com/index.php/dashboard:911:36
c@https://opensource-demo.orangehrmlive.com/webres_5fee89a90600f2.94309009/js/jquery/jquery-3.4.1.min.js:2:27742
fireWith@https://opensource-demo.orangehrmlive.com/webres_5fee89a90600f2.94309009/js/jquery/jquery-3.4.1.min.js:2:28487
l@https://opensource-demo.orangehrmlive.com/webres_5fee89a90600f2.94309009/js/jquery/jquery-3.4.1.min.js:2:78789
o/<@https://opensource-demo.orangehrmlive.com/webres_5fee89a90600f2.94309009/js/jquery/jquery-3.4.1.min.js:2:81117
1615231251689	Marionette	INFO	Stopped listening on port 42221

###!!! [Parent][RunMessage] Error: Channel closing: too late to send/recv, messages will be lost

